# JRE version: OpenJDK Runtime Environment (11.0.2+9) (build 11.0.2+9)
# Java VM: OpenJDK 64-Bit Server VM (11.0.2+9, mixed mode, tiered, compressed oops, g1 gc, windows-amd64)
Heap:
 garbage-first heap   total 342016K, used 248383K [0x0000000740000000, 0x0000000800000000)
  region size 1024K, 55 young (56320K), 6 survivors (6144K)
 Metaspace       used 99862K, capacity 101138K, committed 105296K, reserved 1138688K
  class space    used 13626K, capacity 14149K, committed 15616K, reserved 1048576K
GC Heap History (10 events):
Event: 7339.989 GC heap before
{Heap before GC invocations=294 (full 6):
 garbage-first heap   total 342016K, used 245300K [0x0000000740000000, 0x0000000800000000)
  region size 1024K, 60 young (61440K), 6 survivors (6144K)
 Metaspace       used 99719K, capacity 101009K, committed 105296K, reserved 1138688K
  class space    used 13626K, capacity 14149K, committed 15616K, reserved 1048576K
}
Event: 7339.992 GC heap after
{Heap after GC invocations=295 (full 6):
 garbage-first heap   total 342016K, used 192579K [0x0000000740000000, 0x0000000800000000)
  region size 1024K, 6 young (6144K), 6 survivors (6144K)
 Metaspace       used 99719K, capacity 101009K, committed 105296K, reserved 1138688K
  class space    used 13626K, capacity 14149K, committed 15616K, reserved 1048576K
}
Event: 7340.109 GC heap before
{Heap before GC invocations=295 (full 6):
 garbage-first heap   total 342016K, used 247875K [0x0000000740000000, 0x0000000800000000)
  region size 1024K, 60 young (61440K), 6 survivors (6144K)
 Metaspace       used 99721K, capacity 101009K, committed 105296K, reserved 1138688K
  class space    used 13626K, capacity 14149K, committed 15616K, reserved 1048576K
}
Event: 7340.114 GC heap after
{Heap after GC invocations=296 (full 6):
 garbage-first heap   total 342016K, used 194369K [0x0000000740000000, 0x0000000800000000)
  region size 1024K, 6 young (6144K), 6 survivors (6144K)
 Metaspace       used 99721K, capacity 101009K, committed 105296K, reserved 1138688K
  class space    used 13626K, capacity 14149K, committed 15616K, reserved 1048576K
}
Event: 7340.400 GC heap before
{Heap before GC invocations=297 (full 6):
 garbage-first heap   total 342016K, used 249665K [0x0000000740000000, 0x0000000800000000)
  region size 1024K, 60 young (61440K), 6 survivors (6144K)
 Metaspace       used 99779K, capacity 101073K, committed 105296K, reserved 1138688K
  class space    used 13626K, capacity 14149K, committed 15616K, reserved 1048576K
}
Event: 7340.403 GC heap after
{Heap after GC invocations=298 (full 6):
 garbage-first heap   total 342016K, used 197319K [0x0000000740000000, 0x0000000800000000)
  region size 1024K, 6 young (6144K), 6 survivors (6144K)
 Metaspace       used 99779K, capacity 101073K, committed 105296K, reserved 1138688K
  class space    used 13626K, capacity 14149K, committed 15616K, reserved 1048576K
}
Event: 7342.358 GC heap before
{Heap before GC invocations=298 (full 6):
 garbage-first heap   total 342016K, used 252615K [0x0000000740000000, 0x0000000800000000)
  region size 1024K, 60 young (61440K), 6 survivors (6144K)
 Metaspace       used 99794K, capacity 101073K, committed 105296K, reserved 1138688K
  class space    used 13626K, capacity 14149K, committed 15616K, reserved 1048576K
}
Event: 7342.360 GC heap after
{Heap after GC invocations=299 (full 6):
 garbage-first heap   total 342016K, used 197711K [0x0000000740000000, 0x0000000800000000)
  region size 1024K, 5 young (5120K), 5 survivors (5120K)
 Metaspace       used 99794K, capacity 101073K, committed 105296K, reserved 1138688K
  class space    used 13626K, capacity 14149K, committed 15616K, reserved 1048576K
}
Event: 7349.356 GC heap before
{Heap before GC invocations=300 (full 6):
 garbage-first heap   total 342016K, used 254031K [0x0000000740000000, 0x0000000800000000)
  region size 1024K, 60 young (61440K), 5 survivors (5120K)
 Metaspace       used 99826K, capacity 101137K, committed 105296K, reserved 1138688K
  class space    used 13626K, capacity 14149K, committed 15616K, reserved 1048576K
}
Event: 7349.359 GC heap after
{Heap after GC invocations=301 (full 6):
 garbage-first heap   total 342016K, used 199231K [0x0000000740000000, 0x0000000800000000)
  region size 1024K, 6 young (6144K), 6 survivors (6144K)
 Metaspace       used 99826K, capacity 101137K, committed 105296K, reserved 1138688K
  class space    used 13626K, capacity 14149K, committed 15616K, reserved 1048576K
}

